#
# A fatal error has been detected by the Java Runtime Environment:
#
#  SIGSEGV (0xb) at pc=0x000000010a1e848a, pid=4907, tid=22275
#
# JRE version: Java(TM) SE Runtime Environment (10.0.1+10) (build 10.0.1+10)
# Java VM: Java HotSpot(TM) 64-Bit Server VM (10.0.1+10, mixed mode, tiered, compressed oops, g1 gc, bsd-amd64)
# Problematic frame:
# C  [libjimage.dylib+0x248a]  ImageFileReader::find_location_index(char const*, unsigned long long*) const+0x2c
#
# No core dump will be written. Core dumps have been disabled. To enable core dumping, try "ulimit -c unlimited" before starting Java again
#
# If you would like to submit a bug report, please visit:
#   http://bugreport.java.com/bugreport/crash.jsp
#

---------------  S U M M A R Y ------------

Command Line: -agentlib:jdwp=transport=dt_socket,suspend=y,address=localhost:49971 -javaagent:/Applications/Eclipse.app/Contents/Eclipse/configuration/org.eclipse.osgi/402/0/.cp/lib/javaagent-shaded.jar -Dfile.encoding=UTF-8 recursion.TestBench

Host: MacBookPro14,1 x86_64 2300 MHz, 4 cores, 16G, Darwin 18.2.0
Time: Sat Jun 29 00:34:40 2019 PDT elapsed time: 102 seconds (0d 0h 1m 42s)

---------------  T H R E A D  ---------------

Current thread (0x00007ffa76067000):  JavaThread "Signal Dispatcher" daemon [_thread_in_vm, id=22275, stack(0x0000700001394000,0x0000700001494000)]

Stack: [0x0000700001394000,0x0000700001494000],  sp=0x00007000014922b0,  free space=1016k
Native frames: (J=compiled Java code, A=aot compiled Java code, j=interpreted, Vv=VM code, C=native code)
C  [libjimage.dylib+0x248a]  ImageFileReader::find_location_index(char const*, unsigned long long*) const+0x2c
C  [libjimage.dylib+0x2831]  JIMAGE_FindResource+0xd7
V  [libjvm.dylib+0x2162e9]  ClassPathImageEntry::open_stream(char const*, Thread*)+0x45
V  [libjvm.dylib+0x2187fa]  ClassLoader::load_class(Symbol*, bool, Thread*)+0x16a
V  [libjvm.dylib+0x7164c6]  SystemDictionary::load_instance_class(Symbol*, Handle, Thread*)+0x36e
V  [libjvm.dylib+0x715445]  SystemDictionary::resolve_instance_class_or_null(Symbol*, Handle, Handle, Thread*)+0x4fd
V  [libjvm.dylib+0x714b63]  SystemDictionary::resolve_or_fail(Symbol*, Handle, Handle, bool, Thread*)+0x1b
V  [libjvm.dylib+0x283f94]  ConstantPool::klass_at_impl(constantPoolHandle const&, int, bool, Thread*)+0x10c
V  [libjvm.dylib+0x69bffa]  ConstantPool::klass_at(int, Thread*)+0x4e
V  [libjvm.dylib+0x3ce5d5]  InterpreterRuntime::_new(JavaThread*, ConstantPool*, int)+0x2d
j  jdk.internal.misc.Signal.dispatch(I)V+25 java.base@10.0.1
v  ~StubRoutines::call_stub
V  [libjvm.dylib+0x3d8c3e]  JavaCalls::call_helper(JavaValue*, methodHandle const&, JavaCallArguments*, Thread*)+0x216
V  [libjvm.dylib+0x3d87f8]  JavaCalls::call_static(JavaValue*, Klass*, Symbol*, Symbol*, JavaCallArguments*, Thread*)+0xe2
V  [libjvm.dylib+0x62f954]  signal_thread_entry(JavaThread*, Thread*)+0x357
V  [libjvm.dylib+0x74679c]  JavaThread::thread_main_inner()+0x86
V  [libjvm.dylib+0x633a5f]  thread_native_entry(Thread*)+0x12b
C  [libsystem_pthread.dylib+0x3305]  _pthread_body+0x7e
C  [libsystem_pthread.dylib+0x626f]  _pthread_start+0x46
C  [libsystem_pthread.dylib+0x2415]  thread_start+0xd
C  0x0000000000000000

Java frames: (J=compiled Java code, j=interpreted, Vv=VM code)
j  jdk.internal.misc.Signal.dispatch(I)V+25 java.base@10.0.1
v  ~StubRoutines::call_stub

siginfo: si_signo: 11 (SIGSEGV), si_code: 0 (unknown), si_addr: 0x0000000000000000

Register to memory mapping:

RAX=0x83ffffff322d84b6 is an unknown value
RBX=0x000000010a1e0008: readCEN+0x104 in /Library/Java/JavaVirtualMachines/jdk-10.0.1.jdk/Contents/Home/lib/libzip.dylib at 0x000000010a1de000
RCX=0x0000000000000023 is an unknown value
RDX=0x00007000014933e0 is pointing into the stack for thread: 0x00007ffa76067000
RSP=0x00007000014922b0 is pointing into the stack for thread: 0x00007ffa76067000
RBP=0x0000700001492320 is pointing into the stack for thread: 0x00007ffa76067000
RSI=0x000000000000c8a3 is an unknown value
RDI=0x000000010a1e0008: readCEN+0x104 in /Library/Java/JavaVirtualMachines/jdk-10.0.1.jdk/Contents/Home/lib/libzip.dylib at 0x000000010a1de000
R8 =0x00007000014933e0 is pointing into the stack for thread: 0x00007ffa76067000
R9 =0x00007000014932f0 is pointing into the stack for thread: 0x00007ffa76067000
R10=0x000000010b35d250: AssumeMP+0 in /Library/Java/JavaVirtualMachines/jdk-10.0.1.jdk/Contents/Home/lib/server/libjvm.dylib at 0x000000010aa00000
R11=0xfffff0058c687a32 is an unknown value
R12=0x000000010b7a001c is an unknown value
R13=0x00007ffa74d0d680 is an unknown value
R14=0x00007000014933e0 is pointing into the stack for thread: 0x00007ffa76067000
R15=0x0000700001492350 is pointing into the stack for thread: 0x00007ffa76067000


Registers:
RAX=0x83ffffff322d84b6, RBX=0x000000010a1e0008, RCX=0x0000000000000023, RDX=0x00007000014933e0
RSP=0x00007000014922b0, RBP=0x0000700001492320, RSI=0x000000000000c8a3, RDI=0x000000010a1e0008
R8 =0x00007000014933e0, R9 =0x00007000014932f0, R10=0x000000010b35d250, R11=0xfffff0058c687a32
R12=0x000000010b7a001c, R13=0x00007ffa74d0d680, R14=0x00007000014933e0, R15=0x0000700001492350
RIP=0x000000010a1e848a, EFLAGS=0x0000000000010202, ERR=0x0000000000000000
  TRAPNO=0x000000000000000d

Top of Stack: (sp=0x00007000014922b0)
0x00007000014922b0:   0000000000000000 0000000000000000
0x00007000014922c0:   0000000000000000 0000000000000000
0x00007000014922d0:   0000000000000000 0000000000000000
0x00007000014922e0:   0000000000000000 0000000000000000
0x00007000014922f0:   0000000000000000 0000000000000000
0x0000700001492300:   00007ffa74e0a920 0000700001492350
0x0000700001492310:   0000000000000020 e930fd7cd2a50029
0x0000700001492320:   0000700001493380 000000010a1e8831
0x0000700001492330:   0000000000000000 0000000000000022
0x0000700001492340:   00007ffa74d0d680 00007000014933e0
0x0000700001492350:   6e692f6b646a2f2f 6d2f6c616e726574
0x0000700001492360:   6e6769532f637369 616c632e31246c61
0x0000700001492370:   0000000000007373 0000000000000000
0x0000700001492380:   0000000000000000 0000000000000000
0x0000700001492390:   0000000000000000 0000000000000000
0x00007000014923a0:   0000000000000000 0000000000000000
0x00007000014923b0:   0000000000000000 0000000000000000
0x00007000014923c0:   0000000000000000 0000000000000000
0x00007000014923d0:   0000000000000000 0000000000000000
0x00007000014923e0:   0000000000000000 0000000000000000
0x00007000014923f0:   0000000000000000 0000000000000000
0x0000700001492400:   0000000000000000 0000000000000000
0x0000700001492410:   0000000000000000 0000000000000000
0x0000700001492420:   0000000000000000 0000000000000000
0x0000700001492430:   0000000000000000 0000000000000000
0x0000700001492440:   0000000000000000 0000000000000000
0x0000700001492450:   0000000000000000 0000000000000000
0x0000700001492460:   0000000000000000 0000000000000000
0x0000700001492470:   0000000000000000 0000000000000000
0x0000700001492480:   0000000000000000 0000000000000000
0x0000700001492490:   0000000000000000 0000000000000000
0x00007000014924a0:   0000000000000000 0000000000000000 

Instructions: (pc=0x000000010a1e848a)
0x000000010a1e846a:   53 48 83 ec 48 49 89 d6 49 89 f7 49 89 fd 49 8b
0x000000010a1e847a:   5d 10 4d 8b 65 50 48 8b 03 41 8b 75 30 48 89 df
0x000000010a1e848a:   ff 50 08 48 89 df 4c 89 fe 4c 89 e2 89 c1 e8 cb
0x000000010a1e849a:   f2 ff ff 45 31 e4 83 f8 ff 74 61 49 8b 7d 10 49 


---------------  P R O C E S S  ---------------

Threads class SMR info:
_java_thread_list=0x00007ffa74c2a530, length=12, elements={
0x00007ffa75006000, 0x00007ffa750d2000, 0x00007ffa750d3000, 0x00007ffa76067000,
0x00007ffa76055000, 0x00007ffa76056000, 0x00007ffa76057000, 0x00007ffa76057800,
0x00007ffa75804000, 0x00007ffa7517a800, 0x00007ffa768b5800, 0x00007ffa75965800
}

Java Threads: ( => current thread )
  0x00007ffa75006000 JavaThread "main" [_thread_blocked, id=8707, stack(0x0000700000467000,0x0000700000567000)]
  0x00007ffa750d2000 JavaThread "Reference Handler" daemon [_thread_blocked, id=14083, stack(0x000070000118e000,0x000070000128e000)]
  0x00007ffa750d3000 JavaThread "Finalizer" daemon [_thread_blocked, id=16131, stack(0x0000700001291000,0x0000700001391000)]
=>0x00007ffa76067000 JavaThread "Signal Dispatcher" daemon [_thread_in_vm, id=22275, stack(0x0000700001394000,0x0000700001494000)]
  0x00007ffa76055000 JavaThread "C2 CompilerThread0" daemon [_thread_blocked, id=22787, stack(0x0000700001497000,0x0000700001597000)]
  0x00007ffa76056000 JavaThread "C2 CompilerThread1" daemon [_thread_blocked, id=42243, stack(0x000070000159a000,0x000070000169a000)]
  0x00007ffa76057000 JavaThread "C1 CompilerThread2" daemon [_thread_blocked, id=23555, stack(0x000070000169d000,0x000070000179d000)]
  0x00007ffa76057800 JavaThread "Sweeper thread" daemon [_thread_blocked, id=24067, stack(0x00007000017a0000,0x00007000018a0000)]
  0x00007ffa75804000 JavaThread "JDWP Transport Listener: dt_socket" daemon [_thread_in_native, id=41219, stack(0x00007000018a3000,0x00007000019a3000)]
  0x00007ffa7517a800 JavaThread "JDWP Event Helper Thread" daemon [_thread_blocked, id=40707, stack(0x00007000019a6000,0x0000700001aa6000)]
  0x00007ffa768b5800 JavaThread "Common-Cleaner" daemon [_thread_blocked, id=25091, stack(0x0000700001bac000,0x0000700001cac000)]
  0x00007ffa75965800 JavaThread "Service Thread" daemon [_thread_blocked, id=38915, stack(0x0000700001caf000,0x0000700001daf000)]

Other Threads:
  0x00007ffa750cf000 VMThread "VM Thread" [stack: 0x000070000108b000,0x000070000118b000] [id=13571]
  0x00007ffa75934000 WatcherThread [stack: 0x0000700001db2000,0x0000700001eb2000] [id=25603]
  0x00007ffa76807000 GCTaskThread "GC Thread#0" [stack: 0x000070000056a000,0x000070000066a000] [id=20739]
  0x00007ffa76808000 GCTaskThread "GC Thread#1" [stack: 0x000070000066d000,0x000070000076d000] [id=20227]
  0x00007ffa75805000 GCTaskThread "GC Thread#2" [stack: 0x0000700000770000,0x0000700000870000] [id=11267]
  0x00007ffa7580e800 GCTaskThread "GC Thread#3" [stack: 0x0000700000873000,0x0000700000973000] [id=19459]
  0x00007ffa7503c000 ConcurrentGCThread "G1 Main Marker" [stack: 0x0000700000976000,0x0000700000a76000] [id=11779]
  0x00007ffa7503d000 ConcurrentGCThread "G1 Conc#0" [stack: 0x0000700000a79000,0x0000700000b79000] [id=12291]
  0x00007ffa750bd800 ConcurrentGCThread "G1 Refine#0" [stack: 0x0000700000b7c000,0x0000700000c7c000] [id=12547]
  0x00007ffa750be800 ConcurrentGCThread "G1 Refine#1" [stack: 0x0000700000c7f000,0x0000700000d7f000] [id=12803]
  0x00007ffa750bf000 ConcurrentGCThread "G1 Refine#2" [stack: 0x0000700000d82000,0x0000700000e82000] [id=17923]
  0x00007ffa750c0000 ConcurrentGCThread "G1 Refine#3" [stack: 0x0000700000e85000,0x0000700000f85000] [id=13059]
  0x00007ffa750c0800 ConcurrentGCThread "G1 Young RemSet Sampling" [stack: 0x0000700000f88000,0x0000700001088000] [id=17155]

Threads with active compile tasks:

VM state:not at safepoint (normal execution)

VM Mutex/Monitor currently owned by a thread: None

Heap address: 0x00000006c0000000, size: 4096 MB, Compressed Oops mode: Zero based, Oop shift amount: 3
Narrow klass base: 0x0000000000000000, Narrow klass shift: 3
Compressed class space size: 1073741824 Address: 0x00000007c0000000

Heap:
 garbage-first heap   total 262144K, used 4096K [0x00000006c0000000, 0x00000007c0000000)
  region size 1024K, 5 young (5120K), 0 survivors (0K)
 Metaspace       used 8402K, capacity 8459K, committed 8704K, reserved 1056768K
  class space    used 689K, capacity 731K, committed 768K, reserved 1048576K
Heap Regions: E=young(eden), S=young(survivor), O=old, HS=humongous(starts), HC=humongous(continues), CS=collection set, F=free, A=archive, TS=gc time stamp, AC=allocation context, TAMS=top-at-mark-start (previous, next)
|   0|0x00000006c0000000, 0x00000006c0000000, 0x00000006c0100000|  0%| F|  |TS  0|AC  0|TAMS 0x00000006c0000000, 0x00000006c0000000|
|   1|0x00000006c0100000, 0x00000006c0100000, 0x00000006c0200000|  0%| F|  |TS  0|AC  0|TAMS 0x00000006c0100000, 0x00000006c0100000|
|   2|0x00000006c0200000, 0x00000006c0200000, 0x00000006c0300000|  0%| F|  |TS  0|AC  0|TAMS 0x00000006c0200000, 0x00000006c0200000|
|   3|0x00000006c0300000, 0x00000006c0300000, 0x00000006c0400000|  0%| F|  |TS  0|AC  0|TAMS 0x00000006c0300000, 0x00000006c0300000|
|   4|0x00000006c0400000, 0x00000006c0400000, 0x00000006c0500000|  0%| F|  |TS  0|AC  0|TAMS 0x00000006c0400000, 0x00000006c0400000|
|   5|0x00000006c0500000, 0x00000006c0500000, 0x00000006c0600000|  0%| F|  |TS  0|AC  0|TAMS 0x00000006c0500000, 0x00000006c0500000|
|   6|0x00000006c0600000, 0x00000006c0600000, 0x00000006c0700000|  0%| F|  |TS  0|AC  0|TAMS 0x00000006c0600000, 0x00000006c0600000|
|   7|0x00000006c0700000, 0x00000006c0700000, 0x00000006c0800000|  0%| F|  |TS  0|AC  0|TAMS 0x00000006c0700000, 0x00000006c0700000|
|   8|0x00000006c0800000, 0x00000006c0800000, 0x00000006c0900000|  0%| F|  |TS  0|AC  0|TAMS 0x00000006c0800000, 0x00000006c0800000|
|   9|0x00000006c0900000, 0x00000006c0900000, 0x00000006c0a00000|  0%| F|  |TS  0|AC  0|TAMS 0x00000006c0900000, 0x00000006c0900000|
|  10|0x00000006c0a00000, 0x00000006c0a00000, 0x00000006c0b00000|  0%| F|  |TS  0|AC  0|TAMS 0x00000006c0a00000, 0x00000006c0a00000|
|  11|0x00000006c0b00000, 0x00000006c0b00000, 0x00000006c0c00000|  0%| F|  |TS  0|AC  0|TAMS 0x00000006c0b00000, 0x00000006c0b00000|
|  12|0x00000006c0c00000, 0x00000006c0c00000, 0x00000006c0d00000|  0%| F|  |TS  0|AC  0|TAMS 0x00000006c0c00000, 0x00000006c0c00000|
|  13|0x00000006c0d00000, 0x00000006c0d00000, 0x00000006c0e00000|  0%| F|  |TS  0|AC  0|TAMS 0x00000006c0d00000, 0x00000006c0d00000|
|  14|0x00000006c0e00000, 0x00000006c0e00000, 0x00000006c0f00000|  0%| F|  |TS  0|AC  0|TAMS 0x00000006c0e00000, 0x00000006c0e00000|
|  15|0x00000006c0f00000, 0x00000006c0f00000, 0x00000006c1000000|  0%| F|  |TS  0|AC  0|TAMS 0x00000006c0f00000, 0x00000006c0f00000|
|  16|0x00000006c1000000, 0x00000006c1000000, 0x00000006c1100000|  0%| F|  |TS  0|AC  0|TAMS 0x00000006c1000000, 0x00000006c1000000|
|  17|0x00000006c1100000, 0x00000006c1100000, 0x00000006c1200000|  0%| F|  |TS  0|AC  0|TAMS 0x00000006c1100000, 0x00000006c1100000|
|  18|0x00000006c1200000, 0x00000006c1200000, 0x00000006c1300000|  0%| F|  |TS  0|AC  0|TAMS 0x00000006c1200000, 0x00000006c1200000|
|  19|0x00000006c1300000, 0x00000006c1300000, 0x00000006c1400000|  0%| F|  |TS  0|AC  0|TAMS 0x00000006c1300000, 0x00000006c1300000|
|  20|0x00000006c1400000, 0x00000006c1400000, 0x00000006c1500000|  0%| F|  |TS  0|AC  0|TAMS 0x00000006c1400000, 0x00000006c1400000|
|  21|0x00000006c1500000, 0x00000006c1500000, 0x00000006c1600000|  0%| F|  |TS  0|AC  0|TAMS 0x00000006c1500000, 0x00000006c1500000|
|  22|0x00000006c1600000, 0x00000006c1600000, 0x00000006c1700000|  0%| F|  |TS  0|AC  0|TAMS 0x00000006c1600000, 0x00000006c1600000|
|  23|0x00000006c1700000, 0x00000006c1700000, 0x00000006c1800000|  0%| F|  |TS  0|AC  0|TAMS 0x00000006c1700000, 0x00000006c1700000|
|  24|0x00000006c1800000, 0x00000006c1800000, 0x00000006c1900000|  0%| F|  |TS  0|AC  0|TAMS 0x00000006c1800000, 0x00000006c1800000|
|  25|0x00000006c1900000, 0x00000006c1900000, 0x00000006c1a00000|  0%| F|  |TS  0|AC  0|TAMS 0x00000006c1900000, 0x00000006c1900000|
|  26|0x00000006c1a00000, 0x00000006c1a00000, 0x00000006c1b00000|  0%| F|  |TS  0|AC  0|TAMS 0x00000006c1a00000, 0x00000006c1a00000|
|  27|0x00000006c1b00000, 0x00000006c1b00000, 0x00000006c1c00000|  0%| F|  |TS  0|AC  0|TAMS 0x00000006c1b00000, 0x00000006c1b00000|
|  28|0x00000006c1c00000, 0x00000006c1c00000, 0x00000006c1d00000|  0%| F|  |TS  0|AC  0|TAMS 0x00000006c1c00000, 0x00000006c1c00000|
|  29|0x00000006c1d00000, 0x00000006c1d00000, 0x00000006c1e00000|  0%| F|  |TS  0|AC  0|TAMS 0x00000006c1d00000, 0x00000006c1d00000|
|  30|0x00000006c1e00000, 0x00000006c1e00000, 0x00000006c1f00000|  0%| F|  |TS  0|AC  0|TAMS 0x00000006c1e00000, 0x00000006c1e00000|
|  31|0x00000006c1f00000, 0x00000006c1f00000, 0x00000006c2000000|  0%| F|  |TS  0|AC  0|TAMS 0x00000006c1f00000, 0x00000006c1f00000|
|  32|0x00000006c2000000, 0x00000006c2000000, 0x00000006c2100000|  0%| F|  |TS  0|AC  0|TAMS 0x00000006c2000000, 0x00000006c2000000|
|  33|0x00000006c2100000, 0x00000006c2100000, 0x00000006c2200000|  0%| F|  |TS  0|AC  0|TAMS 0x00000006c2100000, 0x00000006c2100000|
|  34|0x00000006c2200000, 0x00000006c2200000, 0x00000006c2300000|  0%| F|  |TS  0|AC  0|TAMS 0x00000006c2200000, 0x00000006c2200000|
|  35|0x00000006c2300000, 0x00000006c2300000, 0x00000006c2400000|  0%| F|  |TS  0|AC  0|TAMS 0x00000006c2300000, 0x00000006c2300000|
|  36|0x00000006c2400000, 0x00000006c2400000, 0x00000006c2500000|  0%| F|  |TS  0|AC  0|TAMS 0x00000006c2400000, 0x00000006c2400000|
|  37|0x00000006c2500000, 0x00000006c2500000, 0x00000006c2600000|  0%| F|  |TS  0|AC  0|TAMS 0x00000006c2500000, 0x00000006c2500000|
|  38|0x00000006c2600000, 0x00000006c2600000, 0x00000006c2700000|  0%| F|  |TS  0|AC  0|TAMS 0x00000006c2600000, 0x00000006c2600000|
|  39|0x00000006c2700000, 0x00000006c2700000, 0x00000006c2800000|  0%| F|  |TS  0|AC  0|TAMS 0x00000006c2700000, 0x00000006c2700000|
|  40|0x00000006c2800000, 0x00000006c2800000, 0x00000006c2900000|  0%| F|  |TS  0|AC  0|TAMS 0x00000006c2800000, 0x00000006c2800000|
|  41|0x00000006c2900000, 0x00000006c2900000, 0x00000006c2a00000|  0%| F|  |TS  0|AC  0|TAMS 0x00000006c2900000, 0x00000006c2900000|
|  42|0x00000006c2a00000, 0x00000006c2a00000, 0x00000006c2b00000|  0%| F|  |TS  0|AC  0|TAMS 0x00000006c2a00000, 0x00000006c2a00000|
|  43|0x00000006c2b00000, 0x00000006c2b00000, 0x00000006c2c00000|  0%| F|  |TS  0|AC  0|TAMS 0x00000006c2b00000, 0x00000006c2b00000|
|  44|0x00000006c2c00000, 0x00000006c2c00000, 0x00000006c2d00000|  0%| F|  |TS  0|AC  0|TAMS 0x00000006c2c00000, 0x00000006c2c00000|
|  45|0x00000006c2d00000, 0x00000006c2d00000, 0x00000006c2e00000|  0%| F|  |TS  0|AC  0|TAMS 0x00000006c2d00000, 0x00000006c2d00000|
|  46|0x00000006c2e00000, 0x00000006c2e00000, 0x00000006c2f00000|  0%| F|  |TS  0|AC  0|TAMS 0x00000006c2e00000, 0x00000006c2e00000|
|  47|0x00000006c2f00000, 0x00000006c2f00000, 0x00000006c3000000|  0%| F|  |TS  0|AC  0|TAMS 0x00000006c2f00000, 0x00000006c2f00000|
|  48|0x00000006c3000000, 0x00000006c3000000, 0x00000006c3100000|  0%| F|  |TS  0|AC  0|TAMS 0x00000006c3000000, 0x00000006c3000000|
|  49|0x00000006c3100000, 0x00000006c3100000, 0x00000006c3200000|  0%| F|  |TS  0|AC  0|TAMS 0x00000006c3100000, 0x00000006c3100000|
|  50|0x00000006c3200000, 0x00000006c3200000, 0x00000006c3300000|  0%| F|  |TS  0|AC  0|TAMS 0x00000006c3200000, 0x00000006c3200000|
|  51|0x00000006c3300000, 0x00000006c3300000, 0x00000006c3400000|  0%| F|  |TS  0|AC  0|TAMS 0x00000006c3300000, 0x00000006c3300000|
|  52|0x00000006c3400000, 0x00000006c3400000, 0x00000006c3500000|  0%| F|  |TS  0|AC  0|TAMS 0x00000006c3400000, 0x00000006c3400000|
|  53|0x00000006c3500000, 0x00000006c3500000, 0x00000006c3600000|  0%| F|  |TS  0|AC  0|TAMS 0x00000006c3500000, 0x00000006c3500000|
|  54|0x00000006c3600000, 0x00000006c3600000, 0x00000006c3700000|  0%| F|  |TS  0|AC  0|TAMS 0x00000006c3600000, 0x00000006c3600000|
|  55|0x00000006c3700000, 0x00000006c3700000, 0x00000006c3800000|  0%| F|  |TS  0|AC  0|TAMS 0x00000006c3700000, 0x00000006c3700000|
|  56|0x00000006c3800000, 0x00000006c3800000, 0x00000006c3900000|  0%| F|  |TS  0|AC  0|TAMS 0x00000006c3800000, 0x00000006c3800000|
|  57|0x00000006c3900000, 0x00000006c3900000, 0x00000006c3a00000|  0%| F|  |TS  0|AC  0|TAMS 0x00000006c3900000, 0x00000006c3900000|
|  58|0x00000006c3a00000, 0x00000006c3a00000, 0x00000006c3b00000|  0%| F|  |TS  0|AC  0|TAMS 0x00000006c3a00000, 0x00000006c3a00000|
|  59|0x00000006c3b00000, 0x00000006c3b00000, 0x00000006c3c00000|  0%| F|  |TS  0|AC  0|TAMS 0x00000006c3b00000, 0x00000006c3b00000|
|  60|0x00000006c3c00000, 0x00000006c3c00000, 0x00000006c3d00000|  0%| F|  |TS  0|AC  0|TAMS 0x00000006c3c00000, 0x00000006c3c00000|
|  61|0x00000006c3d00000, 0x00000006c3d00000, 0x00000006c3e00000|  0%| F|  |TS  0|AC  0|TAMS 0x00000006c3d00000, 0x00000006c3d00000|
|  62|0x00000006c3e00000, 0x00000006c3e00000, 0x00000006c3f00000|  0%| F|  |TS  0|AC  0|TAMS 0x00000006c3e00000, 0x00000006c3e00000|
|  63|0x00000006c3f00000, 0x00000006c3f00000, 0x00000006c4000000|  0%| F|  |TS  0|AC  0|TAMS 0x00000006c3f00000, 0x00000006c3f00000|
|  64|0x00000006c4000000, 0x00000006c4000000, 0x00000006c4100000|  0%| F|  |TS  0|AC  0|TAMS 0x00000006c4000000, 0x00000006c4000000|
|  65|0x00000006c4100000, 0x00000006c4100000, 0x00000006c4200000|  0%| F|  |TS  0|AC  0|TAMS 0x00000006c4100000, 0x00000006c4100000|
|  66|0x00000006c4200000, 0x00000006c4200000, 0x00000006c4300000